<?xml version="1.0" encoding="UTF-8"?>
<testsuite xmlns:xsi="http://www.w3.org/2001/XMLSchema-instance" xsi:noNamespaceSchemaLocation="https://maven.apache.org/surefire/maven-surefire-plugin/xsd/surefire-test-report.xsd" name="SetupClass.TestRun" time="156.338" tests="3" errors="0" skipped="0" failures="0">
  <properties>
[...]
</properties>
  <testcase name="Given Open the website URL." classname="Scenario: Test SLI Pages" time="0.002"/>
  <testcase name="Then enter a keyword to search." classname="Scenario: Test SLI Pages" time="0"/>
  <testcase name="Scenario: Test SLI Pages" classname="Scenario: Test SLI Pages" time="0"/>
</testsuite>